This file contains any messages produced by compilers while
running configure, to aid debugging if configure makes a mistake.

It was created by tslib configure 1.0.0, which was
generated by GNU Autoconf 2.63.  Invocation command line was

  $ ./configure --host=arm-arago-linux-gnueabi --prefix=/home/jishibashi/EX-4120/tslib-install/ CFLAGS=-march=armv7-a -mtune=cortex-a8 -mfpu=neon -mfloat-abi=softfp

## --------- ##
## Platform. ##
## --------- ##

hostname = C11-100085
uname -m = x86_64
uname -r = 2.6.32-220.7.1.el6.x86_64
uname -s = Linux
uname -v = #1 SMP Wed Mar 7 00:52:02 GMT 2012

/usr/bin/uname -p = unknown
/bin/uname -X     = unknown

/bin/arch              = x86_64
/usr/bin/arch -k       = unknown
/usr/convex/getsysinfo = unknown
/usr/bin/hostinfo      = unknown
/bin/machine           = unknown
/usr/bin/oslevel       = unknown
/bin/universe          = unknown

PATH: /opt/ti-sdk-am3517-evm-05.04.00.00/linux-devkit/bin
PATH: /usr/lib64/qt-3.3/bin
PATH: /usr/local/bin
PATH: /usr/bin
PATH: /bin
PATH: /usr/local/sbin
PATH: /usr/sbin
PATH: /sbin
PATH: /home/jishibashi/bin


## ----------- ##
## Core tests. ##
## ----------- ##

configure:2198: checking for a BSD-compatible install
configure:2266: result: /usr/bin/install -c
configure:2277: checking whether build environment is sane
configure:2337: result: yes
configure:2386: checking for arm-arago-linux-gnueabi-strip
configure:2402: found /opt/ti-sdk-am3517-evm-05.04.00.00/linux-devkit/bin/arm-arago-linux-gnueabi-strip
configure:2413: result: arm-arago-linux-gnueabi-strip
configure:2478: checking for a thread-safe mkdir -p
configure:2517: result: /bin/mkdir -p
configure:2530: checking for gawk
configure:2546: found /usr/bin/gawk
configure:2557: result: gawk
configure:2568: checking whether make sets $(MAKE)
configure:2590: result: yes
configure:2695: checking for arm-arago-linux-gnueabi-gcc
configure:2711: found /opt/ti-sdk-am3517-evm-05.04.00.00/linux-devkit/bin/arm-arago-linux-gnueabi-gcc
configure:2722: result: arm-arago-linux-gnueabi-gcc
configure:2994: checking for C compiler version
configure:3002: arm-arago-linux-gnueabi-gcc --version >&5
arm-arago-linux-gnueabi-gcc (GCC) 4.5.3 20110311 (prerelease)
Copyright (C) 2010 Free Software Foundation, Inc.
This is free software; see the source for copying conditions.  There is NO
warranty; not even for MERCHANTABILITY or FITNESS FOR A PARTICULAR PURPOSE.

configure:3006: $? = 0
configure:3013: arm-arago-linux-gnueabi-gcc -v >&5
Using built-in specs.
COLLECT_GCC=arm-arago-linux-gnueabi-gcc
Target: arm-arago-linux-gnueabi
Configured with: /sim/scratch_a0850442/arago-tmp-arago/work/i686-armv7a-sdk-arago-linux-gnueabi/gcc-cross-sdk-4.5-r41.2+svnr170880/gcc-4_5-branch/configure --build=i686-linux --host=i686-linux --target=arm-arago-linux-gnueabi --prefix=/arago-2011.09/armv7a --exec_prefix=/arago-2011.09/armv7a --bindir=/arago-2011.09/armv7a/bin --sbindir=/arago-2011.09/armv7a/bin --libexecdir=/arago-2011.09/armv7a/libexec --datadir=/arago-2011.09/armv7a/share --sysconfdir=/arago-2011.09/armv7a/etc --sharedstatedir=/arago-2011.09/armv7a/share/com --localstatedir=/arago-2011.09/armv7a/var --libdir=/arago-2011.09/armv7a/lib --includedir=/arago-2011.09/armv7a/include --oldincludedir=/arago-2011.09/armv7a/include --infodir=/arago-2011.09/armv7a/share/info --mandir=/arago-2011.09/armv7a/share/man --enable-largefile --disable-nls --enable-ipv6 --with-gnu-ld --enable-shared --enable-languages=c,c++,objc,fortran --enable-threads=posix --disable-multilib --enable-c99 --enable-long-long --enable-symvers=gnu --enable-libstdcxx-pch --program-prefix=arm-arago-linux-gnueabi- --enable-target-optspace --enable-lto --enable-libssp --disable-bootstrap --disable-libgomp --disable-libmudflap --with-float=softfp --with-sysroot=/arago-2011.09/armv7a/arm-arago-linux-gnueabi --with-build-time-tools=/sim/scratch_a0850442/arago-tmp-arago/sysroots/i686-linux/usr/armv7a/arm-arago-linux-gnueabi/bin --with-build-sysroot=/sim/scratch_a0850442/arago-tmp-arago/sysroots/armv7a-arago-linux-gnueabi --disable-libunwind-exceptions --with-mpfr=/sim/scratch_a0850442/arago-tmp-arago/sysroots/i686-linux/usr --with-system-zlib --enable-__cxa_atexit
Thread model: posix
gcc version 4.5.3 20110311 (prerelease) (GCC) 
configure:3017: $? = 0
configure:3024: arm-arago-linux-gnueabi-gcc -V >&5
arm-arago-linux-gnueabi-gcc: '-V' option must have argument
configure:3028: $? = 1
configure:3051: checking for C compiler default output file name
configure:3073: arm-arago-linux-gnueabi-gcc -march=armv7-a -mtune=cortex-a8 -mfpu=neon -mfloat-abi=softfp   conftest.c  >&5
configure:3077: $? = 0
configure:3115: result: a.out
configure:3134: checking whether the C compiler works
configure:3144: ./a.out
./configure: line 3146: ./a.out: cannot execute binary file
configure:3148: $? = 126
configure:3167: result: yes
configure:3174: checking whether we are cross compiling
configure:3176: result: yes
configure:3179: checking for suffix of executables
configure:3186: arm-arago-linux-gnueabi-gcc -o conftest -march=armv7-a -mtune=cortex-a8 -mfpu=neon -mfloat-abi=softfp   conftest.c  >&5
configure:3190: $? = 0
configure:3216: result: 
configure:3222: checking for suffix of object files
configure:3248: arm-arago-linux-gnueabi-gcc -c -march=armv7-a -mtune=cortex-a8 -mfpu=neon -mfloat-abi=softfp  conftest.c >&5
configure:3252: $? = 0
configure:3277: result: o
configure:3281: checking whether we are using the GNU C compiler
configure:3310: arm-arago-linux-gnueabi-gcc -c -march=armv7-a -mtune=cortex-a8 -mfpu=neon -mfloat-abi=softfp  conftest.c >&5
configure:3317: $? = 0
configure:3334: result: yes
configure:3343: checking whether arm-arago-linux-gnueabi-gcc accepts -g
configure:3373: arm-arago-linux-gnueabi-gcc -c -g  conftest.c >&5
configure:3380: $? = 0
configure:3481: result: yes
configure:3498: checking for arm-arago-linux-gnueabi-gcc option to accept ISO C89
configure:3572: arm-arago-linux-gnueabi-gcc  -c -march=armv7-a -mtune=cortex-a8 -mfpu=neon -mfloat-abi=softfp  conftest.c >&5
configure:3579: $? = 0
configure:3602: result: none needed
configure:3631: checking for style of include used by make
configure:3659: result: GNU
configure:3684: checking dependency style of arm-arago-linux-gnueabi-gcc
configure:3794: result: gcc3
configure:3814: checking how to run the C preprocessor
configure:3854: arm-arago-linux-gnueabi-gcc -E  conftest.c
configure:3861: $? = 0
configure:3892: arm-arago-linux-gnueabi-gcc -E  conftest.c
conftest.c:10:28: fatal error: ac_nonexistent.h: No such file or directory
compilation terminated.
configure:3899: $? = 1
configure: failed program was:
| /* confdefs.h.  */
| #define PACKAGE_NAME "tslib"
| #define PACKAGE_TARNAME "tslib"
| #define PACKAGE_VERSION "1.0.0"
| #define PACKAGE_STRING "tslib 1.0.0"
| #define PACKAGE_BUGREPORT "kergoth@handhelds.org"
| #define PACKAGE "tslib"
| #define VERSION "1.0.0"
| /* end confdefs.h.  */
| #include <ac_nonexistent.h>
configure:3932: result: arm-arago-linux-gnueabi-gcc -E
configure:3961: arm-arago-linux-gnueabi-gcc -E  conftest.c
configure:3968: $? = 0
configure:3999: arm-arago-linux-gnueabi-gcc -E  conftest.c
conftest.c:10:28: fatal error: ac_nonexistent.h: No such file or directory
compilation terminated.
configure:4006: $? = 1
configure: failed program was:
| /* confdefs.h.  */
| #define PACKAGE_NAME "tslib"
| #define PACKAGE_TARNAME "tslib"
| #define PACKAGE_VERSION "1.0.0"
| #define PACKAGE_STRING "tslib 1.0.0"
| #define PACKAGE_BUGREPORT "kergoth@handhelds.org"
| #define PACKAGE "tslib"
| #define VERSION "1.0.0"
| /* end confdefs.h.  */
| #include <ac_nonexistent.h>
configure:4049: checking whether the C compiler supports -fvisibility=hidden
configure:4076: arm-arago-linux-gnueabi-gcc -c -fvisibility=hidden -march=armv7-a -mtune=cortex-a8 -mfpu=neon -mfloat-abi=softfp  conftest.c >&5
configure:4083: $? = 0
configure:4099: result: yes
configure:4107: checking whether to use -fvisibility=hidden
configure:4120: result: yes
configure:4143: checking for a BSD-compatible install
configure:4211: result: /usr/bin/install -c
configure:4222: checking whether ln -s works
configure:4226: result: yes
configure:4233: checking whether make sets $(MAKE)
configure:4255: result: yes
configure:4361: checking build system type
configure:4379: result: x86_64-unknown-linux-gnu
configure:4401: checking host system type
configure:4416: result: arm-arago-linux-gnueabi
configure:4438: checking for a sed that does not truncate output
configure:4504: result: /bin/sed
configure:4522: checking for grep that handles long lines and -e
configure:4582: result: /bin/grep
configure:4587: checking for egrep
configure:4651: result: /bin/grep -E
configure:4656: checking for fgrep
configure:4720: result: /bin/grep -F
configure:4755: checking for ld used by arm-arago-linux-gnueabi-gcc
configure:4822: result: /opt/ti-sdk-am3517-evm-05.04.00.00/linux-devkit/arm-arago-linux-gnueabi/bin/ld
configure:4831: checking if the linker (/opt/ti-sdk-am3517-evm-05.04.00.00/linux-devkit/arm-arago-linux-gnueabi/bin/ld) is GNU ld
configure:4846: result: yes
configure:4858: checking for BSD- or MS-compatible name lister (nm)
configure:4907: result: /opt/ti-sdk-am3517-evm-05.04.00.00/linux-devkit/bin/arm-arago-linux-gnueabi-nm -B
configure:5025: checking the name lister (/opt/ti-sdk-am3517-evm-05.04.00.00/linux-devkit/bin/arm-arago-linux-gnueabi-nm -B) interface
configure:5032: arm-arago-linux-gnueabi-gcc -c -DGCC_HASCLASSVISIBILITY -march=armv7-a -mtune=cortex-a8 -mfpu=neon -mfloat-abi=softfp  conftest.c >&5
configure:5035: /opt/ti-sdk-am3517-evm-05.04.00.00/linux-devkit/bin/arm-arago-linux-gnueabi-nm -B "conftest.o"
configure:5038: output
00000000 B some_variable
configure:5045: result: BSD nm
configure:5049: checking the maximum length of command line arguments
configure:5169: result: 1966080
configure:5186: checking whether the shell understands some XSI constructs
configure:5196: result: yes
configure:5200: checking whether the shell understands "+="
configure:5206: result: yes
configure:5241: checking for /opt/ti-sdk-am3517-evm-05.04.00.00/linux-devkit/arm-arago-linux-gnueabi/bin/ld option to reload object files
configure:5248: result: -r
configure:5277: checking for arm-arago-linux-gnueabi-objdump
configure:5293: found /opt/ti-sdk-am3517-evm-05.04.00.00/linux-devkit/bin/arm-arago-linux-gnueabi-objdump
configure:5304: result: arm-arago-linux-gnueabi-objdump
configure:5376: checking how to recognize dependent libraries
configure:5572: result: pass_all
configure:5592: checking for arm-arago-linux-gnueabi-ar
configure:5608: found /opt/ti-sdk-am3517-evm-05.04.00.00/linux-devkit/bin/arm-arago-linux-gnueabi-ar
configure:5619: result: arm-arago-linux-gnueabi-ar
configure:5697: checking for arm-arago-linux-gnueabi-strip
configure:5724: result: arm-arago-linux-gnueabi-strip
configure:5796: checking for arm-arago-linux-gnueabi-ranlib
configure:5812: found /opt/ti-sdk-am3517-evm-05.04.00.00/linux-devkit/bin/arm-arago-linux-gnueabi-ranlib
configure:5823: result: arm-arago-linux-gnueabi-ranlib
configure:5953: checking command to parse /opt/ti-sdk-am3517-evm-05.04.00.00/linux-devkit/bin/arm-arago-linux-gnueabi-nm -B output from arm-arago-linux-gnueabi-gcc object
configure:6071: arm-arago-linux-gnueabi-gcc -c -DGCC_HASCLASSVISIBILITY -march=armv7-a -mtune=cortex-a8 -mfpu=neon -mfloat-abi=softfp  conftest.c >&5
configure:6074: $? = 0
configure:6078: /opt/ti-sdk-am3517-evm-05.04.00.00/linux-devkit/bin/arm-arago-linux-gnueabi-nm -B conftest.o \| sed -n -e 's/^.*[	 ]\([ABCDGIRSTW][ABCDGIRSTW]*\)[	 ][	 ]*\([_A-Za-z][_A-Za-z0-9]*\)$/\1 \2 \2/p' \> conftest.nm
configure:6081: $? = 0
configure:6135: arm-arago-linux-gnueabi-gcc -o conftest -DGCC_HASCLASSVISIBILITY -march=armv7-a -mtune=cortex-a8 -mfpu=neon -mfloat-abi=softfp   conftest.c conftstm.o >&5
configure:6138: $? = 0
configure:6176: result: ok
configure:7038: checking for ANSI C header files
configure:7068: arm-arago-linux-gnueabi-gcc -c -DGCC_HASCLASSVISIBILITY -march=armv7-a -mtune=cortex-a8 -mfpu=neon -mfloat-abi=softfp  conftest.c >&5
configure:7075: $? = 0
configure:7206: result: yes
configure:7230: checking for sys/types.h
configure:7251: arm-arago-linux-gnueabi-gcc -c -DGCC_HASCLASSVISIBILITY -march=armv7-a -mtune=cortex-a8 -mfpu=neon -mfloat-abi=softfp  conftest.c >&5
configure:7258: $? = 0
configure:7275: result: yes
configure:7230: checking for sys/stat.h
configure:7251: arm-arago-linux-gnueabi-gcc -c -DGCC_HASCLASSVISIBILITY -march=armv7-a -mtune=cortex-a8 -mfpu=neon -mfloat-abi=softfp  conftest.c >&5
configure:7258: $? = 0
configure:7275: result: yes
configure:7230: checking for stdlib.h
configure:7251: arm-arago-linux-gnueabi-gcc -c -DGCC_HASCLASSVISIBILITY -march=armv7-a -mtune=cortex-a8 -mfpu=neon -mfloat-abi=softfp  conftest.c >&5
configure:7258: $? = 0
configure:7275: result: yes
configure:7230: checking for string.h
configure:7251: arm-arago-linux-gnueabi-gcc -c -DGCC_HASCLASSVISIBILITY -march=armv7-a -mtune=cortex-a8 -mfpu=neon -mfloat-abi=softfp  conftest.c >&5
configure:7258: $? = 0
configure:7275: result: yes
configure:7230: checking for memory.h
configure:7251: arm-arago-linux-gnueabi-gcc -c -DGCC_HASCLASSVISIBILITY -march=armv7-a -mtune=cortex-a8 -mfpu=neon -mfloat-abi=softfp  conftest.c >&5
configure:7258: $? = 0
configure:7275: result: yes
configure:7230: checking for strings.h
configure:7251: arm-arago-linux-gnueabi-gcc -c -DGCC_HASCLASSVISIBILITY -march=armv7-a -mtune=cortex-a8 -mfpu=neon -mfloat-abi=softfp  conftest.c >&5
configure:7258: $? = 0
configure:7275: result: yes
configure:7230: checking for inttypes.h
configure:7251: arm-arago-linux-gnueabi-gcc -c -DGCC_HASCLASSVISIBILITY -march=armv7-a -mtune=cortex-a8 -mfpu=neon -mfloat-abi=softfp  conftest.c >&5
configure:7258: $? = 0
configure:7275: result: yes
configure:7230: checking for stdint.h
configure:7251: arm-arago-linux-gnueabi-gcc -c -DGCC_HASCLASSVISIBILITY -march=armv7-a -mtune=cortex-a8 -mfpu=neon -mfloat-abi=softfp  conftest.c >&5
configure:7258: $? = 0
configure:7275: result: yes
configure:7230: checking for unistd.h
configure:7251: arm-arago-linux-gnueabi-gcc -c -DGCC_HASCLASSVISIBILITY -march=armv7-a -mtune=cortex-a8 -mfpu=neon -mfloat-abi=softfp  conftest.c >&5
configure:7258: $? = 0
configure:7275: result: yes
configure:7293: checking for dlfcn.h
configure:7314: arm-arago-linux-gnueabi-gcc -c -DGCC_HASCLASSVISIBILITY -march=armv7-a -mtune=cortex-a8 -mfpu=neon -mfloat-abi=softfp  conftest.c >&5
configure:7321: $? = 0
configure:7338: result: yes
configure:7462: checking for objdir
configure:7477: result: .libs
configure:7773: checking if arm-arago-linux-gnueabi-gcc supports -fno-rtti -fno-exceptions
configure:7791: arm-arago-linux-gnueabi-gcc -c -DGCC_HASCLASSVISIBILITY -march=armv7-a -mtune=cortex-a8 -mfpu=neon -mfloat-abi=softfp  -fno-rtti -fno-exceptions conftest.c >&5
cc1: warning: command line option "-fno-rtti" is valid for C++/ObjC++ but not for C
configure:7795: $? = 0
configure:7808: result: no
configure:7828: checking for arm-arago-linux-gnueabi-gcc option to produce PIC
configure:8100: result: -fPIC -DPIC
configure:8112: checking if arm-arago-linux-gnueabi-gcc PIC flag -fPIC -DPIC works
configure:8130: arm-arago-linux-gnueabi-gcc -c -DGCC_HASCLASSVISIBILITY -march=armv7-a -mtune=cortex-a8 -mfpu=neon -mfloat-abi=softfp  -fPIC -DPIC -DPIC conftest.c >&5
configure:8134: $? = 0
configure:8147: result: yes
configure:8171: checking if arm-arago-linux-gnueabi-gcc static flag -static works
configure:8199: result: yes
configure:8214: checking if arm-arago-linux-gnueabi-gcc supports -c -o file.o
configure:8235: arm-arago-linux-gnueabi-gcc -c -DGCC_HASCLASSVISIBILITY -march=armv7-a -mtune=cortex-a8 -mfpu=neon -mfloat-abi=softfp  -o out/conftest2.o conftest.c >&5
configure:8239: $? = 0
configure:8261: result: yes
configure:8269: checking if arm-arago-linux-gnueabi-gcc supports -c -o file.o
configure:8316: result: yes
configure:8349: checking whether the arm-arago-linux-gnueabi-gcc linker (/opt/ti-sdk-am3517-evm-05.04.00.00/linux-devkit/arm-arago-linux-gnueabi/bin/ld) supports shared libraries
configure:9423: result: yes
configure:9460: checking whether -lc should be explicitly linked in
configure:9465: arm-arago-linux-gnueabi-gcc -c -DGCC_HASCLASSVISIBILITY -march=armv7-a -mtune=cortex-a8 -mfpu=neon -mfloat-abi=softfp  conftest.c >&5
configure:9468: $? = 0
configure:9483: arm-arago-linux-gnueabi-gcc -shared conftest.o  -v -Wl,-soname -Wl,conftest -o conftest 2\>\&1 \| /bin/grep  -lc  \>/dev/null 2\>\&1
configure:9486: $? = 0
configure:9498: result: no
configure:9662: checking dynamic linker characteristics
configure:10105: arm-arago-linux-gnueabi-gcc -o conftest -DGCC_HASCLASSVISIBILITY -march=armv7-a -mtune=cortex-a8 -mfpu=neon -mfloat-abi=softfp   -Wl,-rpath -Wl,/foo conftest.c  >&5
configure:10112: $? = 0
configure:10345: result: GNU/Linux ld.so
configure:10447: checking how to hardcode library paths into programs
configure:10472: result: immediate
configure:10595: checking for shl_load
configure:10651: arm-arago-linux-gnueabi-gcc -o conftest -DGCC_HASCLASSVISIBILITY -march=armv7-a -mtune=cortex-a8 -mfpu=neon -mfloat-abi=softfp   conftest.c  >&5
/tmp/ccsCWiki.o: In function `main':
conftest.c:(.text+0x8): undefined reference to `shl_load'
collect2: ld returned 1 exit status
configure:10658: $? = 1
configure: failed program was:
| /* confdefs.h.  */
| #define PACKAGE_NAME "tslib"
| #define PACKAGE_TARNAME "tslib"
| #define PACKAGE_VERSION "1.0.0"
| #define PACKAGE_STRING "tslib 1.0.0"
| #define PACKAGE_BUGREPORT "kergoth@handhelds.org"
| #define PACKAGE "tslib"
| #define VERSION "1.0.0"
| #define STDC_HEADERS 1
| #define HAVE_SYS_TYPES_H 1
| #define HAVE_SYS_STAT_H 1
| #define HAVE_STDLIB_H 1
| #define HAVE_STRING_H 1
| #define HAVE_MEMORY_H 1
| #define HAVE_STRINGS_H 1
| #define HAVE_INTTYPES_H 1
| #define HAVE_STDINT_H 1
| #define HAVE_UNISTD_H 1
| #define HAVE_DLFCN_H 1
| #define LT_OBJDIR ".libs/"
| /* end confdefs.h.  */
| /* Define shl_load to an innocuous variant, in case <limits.h> declares shl_load.
|    For example, HP-UX 11i <limits.h> declares gettimeofday.  */
| #define shl_load innocuous_shl_load
| 
| /* System header to define __stub macros and hopefully few prototypes,
|     which can conflict with char shl_load (); below.
|     Prefer <limits.h> to <assert.h> if __STDC__ is defined, since
|     <limits.h> exists even on freestanding compilers.  */
| 
| #ifdef __STDC__
| # include <limits.h>
| #else
| # include <assert.h>
| #endif
| 
| #undef shl_load
| 
| /* Override any GCC internal prototype to avoid an error.
|    Use char because int might match the return type of a GCC
|    builtin and then its argument prototype would still apply.  */
| #ifdef __cplusplus
| extern "C"
| #endif
| char shl_load ();
| /* The GNU C library defines this for functions which it implements
|     to always fail with ENOSYS.  Some functions are actually named
|     something starting with __ and the normal name is an alias.  */
| #if defined __stub_shl_load || defined __stub___shl_load
| choke me
| #endif
| 
| int
| main ()
| {
| return shl_load ();
|   ;
|   return 0;
| }
configure:10678: result: no
configure:10683: checking for shl_load in -ldld
configure:10718: arm-arago-linux-gnueabi-gcc -o conftest -DGCC_HASCLASSVISIBILITY -march=armv7-a -mtune=cortex-a8 -mfpu=neon -mfloat-abi=softfp   conftest.c -ldld   >&5
/opt/ti-sdk-am3517-evm-05.04.00.00/linux-devkit/bin/../lib/gcc/arm-arago-linux-gnueabi/4.5.3/../../../../arm-arago-linux-gnueabi/bin/ld: cannot find -ldld
collect2: ld returned 1 exit status
configure:10725: $? = 1
configure: failed program was:
| /* confdefs.h.  */
| #define PACKAGE_NAME "tslib"
| #define PACKAGE_TARNAME "tslib"
| #define PACKAGE_VERSION "1.0.0"
| #define PACKAGE_STRING "tslib 1.0.0"
| #define PACKAGE_BUGREPORT "kergoth@handhelds.org"
| #define PACKAGE "tslib"
| #define VERSION "1.0.0"
| #define STDC_HEADERS 1
| #define HAVE_SYS_TYPES_H 1
| #define HAVE_SYS_STAT_H 1
| #define HAVE_STDLIB_H 1
| #define HAVE_STRING_H 1
| #define HAVE_MEMORY_H 1
| #define HAVE_STRINGS_H 1
| #define HAVE_INTTYPES_H 1
| #define HAVE_STDINT_H 1
| #define HAVE_UNISTD_H 1
| #define HAVE_DLFCN_H 1
| #define LT_OBJDIR ".libs/"
| /* end confdefs.h.  */
| 
| /* Override any GCC internal prototype to avoid an error.
|    Use char because int might match the return type of a GCC
|    builtin and then its argument prototype would still apply.  */
| #ifdef __cplusplus
| extern "C"
| #endif
| char shl_load ();
| int
| main ()
| {
| return shl_load ();
|   ;
|   return 0;
| }
configure:10746: result: no
configure:10751: checking for dlopen
configure:10807: arm-arago-linux-gnueabi-gcc -o conftest -DGCC_HASCLASSVISIBILITY -march=armv7-a -mtune=cortex-a8 -mfpu=neon -mfloat-abi=softfp   conftest.c  >&5
/tmp/cc41vmbl.o: In function `main':
conftest.c:(.text+0x8): undefined reference to `dlopen'
collect2: ld returned 1 exit status
configure:10814: $? = 1
configure: failed program was:
| /* confdefs.h.  */
| #define PACKAGE_NAME "tslib"
| #define PACKAGE_TARNAME "tslib"
| #define PACKAGE_VERSION "1.0.0"
| #define PACKAGE_STRING "tslib 1.0.0"
| #define PACKAGE_BUGREPORT "kergoth@handhelds.org"
| #define PACKAGE "tslib"
| #define VERSION "1.0.0"
| #define STDC_HEADERS 1
| #define HAVE_SYS_TYPES_H 1
| #define HAVE_SYS_STAT_H 1
| #define HAVE_STDLIB_H 1
| #define HAVE_STRING_H 1
| #define HAVE_MEMORY_H 1
| #define HAVE_STRINGS_H 1
| #define HAVE_INTTYPES_H 1
| #define HAVE_STDINT_H 1
| #define HAVE_UNISTD_H 1
| #define HAVE_DLFCN_H 1
| #define LT_OBJDIR ".libs/"
| /* end confdefs.h.  */
| /* Define dlopen to an innocuous variant, in case <limits.h> declares dlopen.
|    For example, HP-UX 11i <limits.h> declares gettimeofday.  */
| #define dlopen innocuous_dlopen
| 
| /* System header to define __stub macros and hopefully few prototypes,
|     which can conflict with char dlopen (); below.
|     Prefer <limits.h> to <assert.h> if __STDC__ is defined, since
|     <limits.h> exists even on freestanding compilers.  */
| 
| #ifdef __STDC__
| # include <limits.h>
| #else
| # include <assert.h>
| #endif
| 
| #undef dlopen
| 
| /* Override any GCC internal prototype to avoid an error.
|    Use char because int might match the return type of a GCC
|    builtin and then its argument prototype would still apply.  */
| #ifdef __cplusplus
| extern "C"
| #endif
| char dlopen ();
| /* The GNU C library defines this for functions which it implements
|     to always fail with ENOSYS.  Some functions are actually named
|     something starting with __ and the normal name is an alias.  */
| #if defined __stub_dlopen || defined __stub___dlopen
| choke me
| #endif
| 
| int
| main ()
| {
| return dlopen ();
|   ;
|   return 0;
| }
configure:10834: result: no
configure:10839: checking for dlopen in -ldl
configure:10874: arm-arago-linux-gnueabi-gcc -o conftest -DGCC_HASCLASSVISIBILITY -march=armv7-a -mtune=cortex-a8 -mfpu=neon -mfloat-abi=softfp   conftest.c -ldl   >&5
configure:10881: $? = 0
configure:10902: result: yes
configure:11079: checking whether a program can dlopen itself
configure:11170: result: cross
configure:11305: checking whether stripping libraries is possible
configure:11310: result: yes
configure:11345: checking if libtool supports shared libraries
configure:11347: result: yes
configure:11350: checking whether to build shared libraries
configure:11371: result: yes
configure:11374: checking whether to build static libraries
configure:11378: result: no
configure:11416: checking for dlopen in -ldl
configure:11479: result: yes
configure:11494: checking for working alloca.h
configure:11521: arm-arago-linux-gnueabi-gcc -o conftest -DGCC_HASCLASSVISIBILITY -march=armv7-a -mtune=cortex-a8 -mfpu=neon -mfloat-abi=softfp   conftest.c -ldl  >&5
configure:11528: $? = 0
configure:11548: result: yes
configure:11558: checking for alloca
configure:11605: arm-arago-linux-gnueabi-gcc -o conftest -DGCC_HASCLASSVISIBILITY -march=armv7-a -mtune=cortex-a8 -mfpu=neon -mfloat-abi=softfp   conftest.c -ldl  >&5
configure:11612: $? = 0
configure:11632: result: yes
configure:11869: checking for ANSI C header files
configure:12037: result: yes
configure:12069: checking fcntl.h usability
configure:12086: arm-arago-linux-gnueabi-gcc -c -DGCC_HASCLASSVISIBILITY -march=armv7-a -mtune=cortex-a8 -mfpu=neon -mfloat-abi=softfp  conftest.c >&5
configure:12093: $? = 0
configure:12107: result: yes
configure:12111: checking fcntl.h presence
configure:12126: arm-arago-linux-gnueabi-gcc -E  conftest.c
configure:12133: $? = 0
configure:12147: result: yes
configure:12180: checking for fcntl.h
configure:12189: result: yes
configure:12069: checking limits.h usability
configure:12086: arm-arago-linux-gnueabi-gcc -c -DGCC_HASCLASSVISIBILITY -march=armv7-a -mtune=cortex-a8 -mfpu=neon -mfloat-abi=softfp  conftest.c >&5
configure:12093: $? = 0
configure:12107: result: yes
configure:12111: checking limits.h presence
configure:12126: arm-arago-linux-gnueabi-gcc -E  conftest.c
configure:12133: $? = 0
configure:12147: result: yes
configure:12180: checking for limits.h
configure:12189: result: yes
configure:12058: checking for stdlib.h
configure:12065: result: yes
configure:12058: checking for string.h
configure:12065: result: yes
configure:12069: checking sys/ioctl.h usability
configure:12086: arm-arago-linux-gnueabi-gcc -c -DGCC_HASCLASSVISIBILITY -march=armv7-a -mtune=cortex-a8 -mfpu=neon -mfloat-abi=softfp  conftest.c >&5
configure:12093: $? = 0
configure:12107: result: yes
configure:12111: checking sys/ioctl.h presence
configure:12126: arm-arago-linux-gnueabi-gcc -E  conftest.c
configure:12133: $? = 0
configure:12147: result: yes
configure:12180: checking for sys/ioctl.h
configure:12189: result: yes
configure:12069: checking sys/time.h usability
configure:12086: arm-arago-linux-gnueabi-gcc -c -DGCC_HASCLASSVISIBILITY -march=armv7-a -mtune=cortex-a8 -mfpu=neon -mfloat-abi=softfp  conftest.c >&5
configure:12093: $? = 0
configure:12107: result: yes
configure:12111: checking sys/time.h presence
configure:12126: arm-arago-linux-gnueabi-gcc -E  conftest.c
configure:12133: $? = 0
configure:12147: result: yes
configure:12180: checking for sys/time.h
configure:12189: result: yes
configure:12058: checking for unistd.h
configure:12065: result: yes
configure:12206: checking for an ANSI C-conforming const
configure:12281: arm-arago-linux-gnueabi-gcc -c -DGCC_HASCLASSVISIBILITY -march=armv7-a -mtune=cortex-a8 -mfpu=neon -mfloat-abi=softfp  conftest.c >&5
configure:12288: $? = 0
configure:12303: result: yes
configure:12313: checking for inline
configure:12339: arm-arago-linux-gnueabi-gcc -c -DGCC_HASCLASSVISIBILITY -march=armv7-a -mtune=cortex-a8 -mfpu=neon -mfloat-abi=softfp  conftest.c >&5
configure:12346: $? = 0
configure:12364: result: inline
configure:12383: checking for size_t
configure:12411: arm-arago-linux-gnueabi-gcc -c -DGCC_HASCLASSVISIBILITY -march=armv7-a -mtune=cortex-a8 -mfpu=neon -mfloat-abi=softfp  conftest.c >&5
configure:12418: $? = 0
configure:12445: arm-arago-linux-gnueabi-gcc -c -DGCC_HASCLASSVISIBILITY -march=armv7-a -mtune=cortex-a8 -mfpu=neon -mfloat-abi=softfp  conftest.c >&5
conftest.c: In function 'main':
conftest.c:69:21: error: expected expression before ')' token
configure:12452: $? = 1
configure: failed program was:
| /* confdefs.h.  */
| #define PACKAGE_NAME "tslib"
| #define PACKAGE_TARNAME "tslib"
| #define PACKAGE_VERSION "1.0.0"
| #define PACKAGE_STRING "tslib 1.0.0"
| #define PACKAGE_BUGREPORT "kergoth@handhelds.org"
| #define PACKAGE "tslib"
| #define VERSION "1.0.0"
| #define STDC_HEADERS 1
| #define HAVE_SYS_TYPES_H 1
| #define HAVE_SYS_STAT_H 1
| #define HAVE_STDLIB_H 1
| #define HAVE_STRING_H 1
| #define HAVE_MEMORY_H 1
| #define HAVE_STRINGS_H 1
| #define HAVE_INTTYPES_H 1
| #define HAVE_STDINT_H 1
| #define HAVE_UNISTD_H 1
| #define HAVE_DLFCN_H 1
| #define LT_OBJDIR ".libs/"
| #define HAVE_LIBDL 1
| #define HAVE_ALLOCA_H 1
| #define HAVE_ALLOCA 1
| #define STDC_HEADERS 1
| #define HAVE_FCNTL_H 1
| #define HAVE_LIMITS_H 1
| #define HAVE_STDLIB_H 1
| #define HAVE_STRING_H 1
| #define HAVE_SYS_IOCTL_H 1
| #define HAVE_SYS_TIME_H 1
| #define HAVE_UNISTD_H 1
| /* end confdefs.h.  */
| #include <stdio.h>
| #ifdef HAVE_SYS_TYPES_H
| # include <sys/types.h>
| #endif
| #ifdef HAVE_SYS_STAT_H
| # include <sys/stat.h>
| #endif
| #ifdef STDC_HEADERS
| # include <stdlib.h>
| # include <stddef.h>
| #else
| # ifdef HAVE_STDLIB_H
| #  include <stdlib.h>
| # endif
| #endif
| #ifdef HAVE_STRING_H
| # if !defined STDC_HEADERS && defined HAVE_MEMORY_H
| #  include <memory.h>
| # endif
| # include <string.h>
| #endif
| #ifdef HAVE_STRINGS_H
| # include <strings.h>
| #endif
| #ifdef HAVE_INTTYPES_H
| # include <inttypes.h>
| #endif
| #ifdef HAVE_STDINT_H
| # include <stdint.h>
| #endif
| #ifdef HAVE_UNISTD_H
| # include <unistd.h>
| #endif
| int
| main ()
| {
| if (sizeof ((size_t)))
| 	  return 0;
|   ;
|   return 0;
| }
configure:12475: result: yes
configure:12487: checking whether time.h and sys/time.h may both be included
configure:12517: arm-arago-linux-gnueabi-gcc -c -DGCC_HASCLASSVISIBILITY -march=armv7-a -mtune=cortex-a8 -mfpu=neon -mfloat-abi=softfp  conftest.c >&5
configure:12524: $? = 0
configure:12539: result: yes
configure:12552: checking whether arm-arago-linux-gnueabi-gcc needs -traditional
configure:12594: result: no
configure:12607: checking for stdlib.h
configure:12614: result: yes
configure:12607: checking for unistd.h
configure:12614: result: yes
configure:12757: checking for getpagesize
configure:12813: arm-arago-linux-gnueabi-gcc -o conftest -DGCC_HASCLASSVISIBILITY -march=armv7-a -mtune=cortex-a8 -mfpu=neon -mfloat-abi=softfp   conftest.c -ldl  >&5
configure:12820: $? = 0
configure:12842: result: yes
configure:12854: checking for working mmap
configure:13032: result: no
configure:13060: checking sys/select.h usability
configure:13077: arm-arago-linux-gnueabi-gcc -c -DGCC_HASCLASSVISIBILITY -march=armv7-a -mtune=cortex-a8 -mfpu=neon -mfloat-abi=softfp  conftest.c >&5
configure:13084: $? = 0
configure:13098: result: yes
configure:13102: checking sys/select.h presence
configure:13117: arm-arago-linux-gnueabi-gcc -E  conftest.c
configure:13124: $? = 0
configure:13138: result: yes
configure:13171: checking for sys/select.h
configure:13180: result: yes
configure:13060: checking sys/socket.h usability
configure:13077: arm-arago-linux-gnueabi-gcc -c -DGCC_HASCLASSVISIBILITY -march=armv7-a -mtune=cortex-a8 -mfpu=neon -mfloat-abi=softfp  conftest.c >&5
configure:13084: $? = 0
configure:13098: result: yes
configure:13102: checking sys/socket.h presence
configure:13117: arm-arago-linux-gnueabi-gcc -E  conftest.c
configure:13124: $? = 0
configure:13138: result: yes
configure:13171: checking for sys/socket.h
configure:13180: result: yes
configure:13195: checking types of arguments for select
configure:13233: arm-arago-linux-gnueabi-gcc -c -DGCC_HASCLASSVISIBILITY -march=armv7-a -mtune=cortex-a8 -mfpu=neon -mfloat-abi=softfp  conftest.c >&5
configure:13240: $? = 0
configure:13261: result: int,fd_set *,struct timeval *
configure:13284: checking return type of signal handlers
configure:13312: arm-arago-linux-gnueabi-gcc -c -DGCC_HASCLASSVISIBILITY -march=armv7-a -mtune=cortex-a8 -mfpu=neon -mfloat-abi=softfp  conftest.c >&5
conftest.c: In function 'main':
conftest.c:48:1: error: void value not ignored as it ought to be
configure:13319: $? = 1
configure: failed program was:
| /* confdefs.h.  */
| #define PACKAGE_NAME "tslib"
| #define PACKAGE_TARNAME "tslib"
| #define PACKAGE_VERSION "1.0.0"
| #define PACKAGE_STRING "tslib 1.0.0"
| #define PACKAGE_BUGREPORT "kergoth@handhelds.org"
| #define PACKAGE "tslib"
| #define VERSION "1.0.0"
| #define STDC_HEADERS 1
| #define HAVE_SYS_TYPES_H 1
| #define HAVE_SYS_STAT_H 1
| #define HAVE_STDLIB_H 1
| #define HAVE_STRING_H 1
| #define HAVE_MEMORY_H 1
| #define HAVE_STRINGS_H 1
| #define HAVE_INTTYPES_H 1
| #define HAVE_STDINT_H 1
| #define HAVE_UNISTD_H 1
| #define HAVE_DLFCN_H 1
| #define LT_OBJDIR ".libs/"
| #define HAVE_LIBDL 1
| #define HAVE_ALLOCA_H 1
| #define HAVE_ALLOCA 1
| #define STDC_HEADERS 1
| #define HAVE_FCNTL_H 1
| #define HAVE_LIMITS_H 1
| #define HAVE_STDLIB_H 1
| #define HAVE_STRING_H 1
| #define HAVE_SYS_IOCTL_H 1
| #define HAVE_SYS_TIME_H 1
| #define HAVE_UNISTD_H 1
| #define TIME_WITH_SYS_TIME 1
| #define HAVE_STDLIB_H 1
| #define HAVE_UNISTD_H 1
| #define HAVE_GETPAGESIZE 1
| #define HAVE_SYS_SELECT_H 1
| #define HAVE_SYS_SOCKET_H 1
| #define SELECT_TYPE_ARG1 int
| #define SELECT_TYPE_ARG234 (fd_set *)
| #define SELECT_TYPE_ARG5 (struct timeval *)
| /* end confdefs.h.  */
| #include <sys/types.h>
| #include <signal.h>
| 
| int
| main ()
| {
| return *(signal (0, 0)) (0) == 1;
|   ;
|   return 0;
| }
configure:13334: result: void
configure:13342: checking whether lstat dereferences a symlink specified with a trailing slash
configure:13416: result: no
configure:13435: checking whether stat accepts an empty string
configure:13496: result: yes
configure:13516: checking for vprintf
configure:13572: arm-arago-linux-gnueabi-gcc -o conftest -DGCC_HASCLASSVISIBILITY -march=armv7-a -mtune=cortex-a8 -mfpu=neon -mfloat-abi=softfp   conftest.c -ldl  >&5
conftest.c:67:6: warning: conflicting types for built-in function 'vprintf'
configure:13579: $? = 0
configure:13601: result: yes
configure:13610: checking for _doprnt
configure:13666: arm-arago-linux-gnueabi-gcc -o conftest -DGCC_HASCLASSVISIBILITY -march=armv7-a -mtune=cortex-a8 -mfpu=neon -mfloat-abi=softfp   conftest.c -ldl  >&5
/tmp/ccgSz243.o: In function `main':
conftest.c:(.text+0x8): undefined reference to `_doprnt'
collect2: ld returned 1 exit status
configure:13673: $? = 1
configure: failed program was:
| /* confdefs.h.  */
| #define PACKAGE_NAME "tslib"
| #define PACKAGE_TARNAME "tslib"
| #define PACKAGE_VERSION "1.0.0"
| #define PACKAGE_STRING "tslib 1.0.0"
| #define PACKAGE_BUGREPORT "kergoth@handhelds.org"
| #define PACKAGE "tslib"
| #define VERSION "1.0.0"
| #define STDC_HEADERS 1
| #define HAVE_SYS_TYPES_H 1
| #define HAVE_SYS_STAT_H 1
| #define HAVE_STDLIB_H 1
| #define HAVE_STRING_H 1
| #define HAVE_MEMORY_H 1
| #define HAVE_STRINGS_H 1
| #define HAVE_INTTYPES_H 1
| #define HAVE_STDINT_H 1
| #define HAVE_UNISTD_H 1
| #define HAVE_DLFCN_H 1
| #define LT_OBJDIR ".libs/"
| #define HAVE_LIBDL 1
| #define HAVE_ALLOCA_H 1
| #define HAVE_ALLOCA 1
| #define STDC_HEADERS 1
| #define HAVE_FCNTL_H 1
| #define HAVE_LIMITS_H 1
| #define HAVE_STDLIB_H 1
| #define HAVE_STRING_H 1
| #define HAVE_SYS_IOCTL_H 1
| #define HAVE_SYS_TIME_H 1
| #define HAVE_UNISTD_H 1
| #define TIME_WITH_SYS_TIME 1
| #define HAVE_STDLIB_H 1
| #define HAVE_UNISTD_H 1
| #define HAVE_GETPAGESIZE 1
| #define HAVE_SYS_SELECT_H 1
| #define HAVE_SYS_SOCKET_H 1
| #define SELECT_TYPE_ARG1 int
| #define SELECT_TYPE_ARG234 (fd_set *)
| #define SELECT_TYPE_ARG5 (struct timeval *)
| #define RETSIGTYPE void
| #define HAVE_STAT_EMPTY_STRING_BUG 1
| #define HAVE_VPRINTF 1
| /* end confdefs.h.  */
| /* Define _doprnt to an innocuous variant, in case <limits.h> declares _doprnt.
|    For example, HP-UX 11i <limits.h> declares gettimeofday.  */
| #define _doprnt innocuous__doprnt
| 
| /* System header to define __stub macros and hopefully few prototypes,
|     which can conflict with char _doprnt (); below.
|     Prefer <limits.h> to <assert.h> if __STDC__ is defined, since
|     <limits.h> exists even on freestanding compilers.  */
| 
| #ifdef __STDC__
| # include <limits.h>
| #else
| # include <assert.h>
| #endif
| 
| #undef _doprnt
| 
| /* Override any GCC internal prototype to avoid an error.
|    Use char because int might match the return type of a GCC
|    builtin and then its argument prototype would still apply.  */
| #ifdef __cplusplus
| extern "C"
| #endif
| char _doprnt ();
| /* The GNU C library defines this for functions which it implements
|     to always fail with ENOSYS.  Some functions are actually named
|     something starting with __ and the normal name is an alias.  */
| #if defined __stub__doprnt || defined __stub____doprnt
| choke me
| #endif
| 
| int
| main ()
| {
| return _doprnt ();
|   ;
|   return 0;
| }
configure:13693: result: no
configure:13719: checking for gettimeofday
configure:13775: arm-arago-linux-gnueabi-gcc -o conftest -DGCC_HASCLASSVISIBILITY -march=armv7-a -mtune=cortex-a8 -mfpu=neon -mfloat-abi=softfp   conftest.c -ldl  >&5
configure:13782: $? = 0
configure:13804: result: yes
configure:13719: checking for memmove
configure:13775: arm-arago-linux-gnueabi-gcc -o conftest -DGCC_HASCLASSVISIBILITY -march=armv7-a -mtune=cortex-a8 -mfpu=neon -mfloat-abi=softfp   conftest.c -ldl  >&5
conftest.c:69:6: warning: conflicting types for built-in function 'memmove'
configure:13782: $? = 0
configure:13804: result: yes
configure:13719: checking for memset
configure:13775: arm-arago-linux-gnueabi-gcc -o conftest -DGCC_HASCLASSVISIBILITY -march=armv7-a -mtune=cortex-a8 -mfpu=neon -mfloat-abi=softfp   conftest.c -ldl  >&5
conftest.c:70:6: warning: conflicting types for built-in function 'memset'
configure:13782: $? = 0
configure:13804: result: yes
configure:13719: checking for munmap
configure:13775: arm-arago-linux-gnueabi-gcc -o conftest -DGCC_HASCLASSVISIBILITY -march=armv7-a -mtune=cortex-a8 -mfpu=neon -mfloat-abi=softfp   conftest.c -ldl  >&5
configure:13782: $? = 0
configure:13804: result: yes
configure:13719: checking for select
configure:13775: arm-arago-linux-gnueabi-gcc -o conftest -DGCC_HASCLASSVISIBILITY -march=armv7-a -mtune=cortex-a8 -mfpu=neon -mfloat-abi=softfp   conftest.c -ldl  >&5
configure:13782: $? = 0
configure:13804: result: yes
configure:13719: checking for strcasecmp
configure:13775: arm-arago-linux-gnueabi-gcc -o conftest -DGCC_HASCLASSVISIBILITY -march=armv7-a -mtune=cortex-a8 -mfpu=neon -mfloat-abi=softfp   conftest.c -ldl  >&5
conftest.c:73:6: warning: conflicting types for built-in function 'strcasecmp'
configure:13782: $? = 0
configure:13804: result: yes
configure:13719: checking for strchr
configure:13775: arm-arago-linux-gnueabi-gcc -o conftest -DGCC_HASCLASSVISIBILITY -march=armv7-a -mtune=cortex-a8 -mfpu=neon -mfloat-abi=softfp   conftest.c -ldl  >&5
conftest.c:74:6: warning: conflicting types for built-in function 'strchr'
configure:13782: $? = 0
configure:13804: result: yes
configure:13719: checking for strdup
configure:13775: arm-arago-linux-gnueabi-gcc -o conftest -DGCC_HASCLASSVISIBILITY -march=armv7-a -mtune=cortex-a8 -mfpu=neon -mfloat-abi=softfp   conftest.c -ldl  >&5
conftest.c:75:6: warning: conflicting types for built-in function 'strdup'
configure:13782: $? = 0
configure:13804: result: yes
configure:13719: checking for strtoul
configure:13775: arm-arago-linux-gnueabi-gcc -o conftest -DGCC_HASCLASSVISIBILITY -march=armv7-a -mtune=cortex-a8 -mfpu=neon -mfloat-abi=softfp   conftest.c -ldl  >&5
configure:13782: $? = 0
configure:13804: result: yes
configure:13820: checking whether linear module is requested
configure:13830: result: yes
configure:13861: checking whether dejitter module is requested
configure:13871: result: yes
configure:13902: checking whether linear-h2200 module is requested
configure:13912: result: yes
configure:13943: checking whether variance module is requested
configure:13953: result: yes
configure:13984: checking whether pthres module is requested
configure:13994: result: yes
configure:14027: checking whether ucb1x00 module is requested
configure:14037: result: yes
configure:14068: checking whether cy8mrln-palmpre module is requested
configure:14078: result: no
configure:14109: checking whether corgi module is requested
configure:14119: result: yes
configure:14150: checking whether collie module is requested
configure:14160: result: yes
configure:14191: checking whether h3600 module is requested
configure:14201: result: yes
configure:14232: checking whether mk712 module is requested
configure:14242: result: yes
configure:14273: checking whether arctic2 module is requested
configure:14283: result: yes
configure:14314: checking whether tatung module is requested
configure:14324: result: yes
configure:14355: checking whether dmc module is requested
configure:14365: result: yes
configure:14396: checking whether input module is requested
configure:14406: result: yes
configure:14437: checking whether touchkit module is requested
configure:14447: result: yes
configure:14477: checking where to place modules
configure:14487: result: ${libdir}/ts
configure:14491: checking whether to enable debugging
configure:14500: result: no
configure:14878: creating ./config.status

## ---------------------- ##
## Running config.status. ##
## ---------------------- ##

This file was extended by tslib config.status 1.0.0, which was
generated by GNU Autoconf 2.63.  Invocation command line was

  CONFIG_FILES    = 
  CONFIG_HEADERS  = 
  CONFIG_LINKS    = 
  CONFIG_COMMANDS = 
  $ ./config.status 

on C11-100085

config.status:1097: creating Makefile
config.status:1097: creating etc/Makefile
config.status:1097: creating plugins/Makefile
config.status:1097: creating src/Makefile
config.status:1097: creating tests/Makefile
config.status:1097: creating tslib.pc
config.status:1097: creating tslib-1.0.pc
config.status:1097: creating config.h
config.status:1371: executing depfiles commands
config.status:1371: executing libtool commands

## ---------------- ##
## Cache variables. ##
## ---------------- ##

ac_cv_build=x86_64-unknown-linux-gnu
ac_cv_c_compiler_gnu=yes
ac_cv_c_const=yes
ac_cv_c_inline=inline
ac_cv_env_CC_set=
ac_cv_env_CC_value=
ac_cv_env_CFLAGS_set=set
ac_cv_env_CFLAGS_value='-march=armv7-a -mtune=cortex-a8 -mfpu=neon -mfloat-abi=softfp'
ac_cv_env_CPPFLAGS_set=
ac_cv_env_CPPFLAGS_value=
ac_cv_env_CPP_set=
ac_cv_env_CPP_value=
ac_cv_env_LDFLAGS_set=
ac_cv_env_LDFLAGS_value=
ac_cv_env_LIBS_set=
ac_cv_env_LIBS_value=
ac_cv_env_build_alias_set=
ac_cv_env_build_alias_value=
ac_cv_env_host_alias_set=set
ac_cv_env_host_alias_value=arm-arago-linux-gnueabi
ac_cv_env_target_alias_set=
ac_cv_env_target_alias_value=
ac_cv_func__doprnt=no
ac_cv_func_alloca_works=yes
ac_cv_func_dlopen=no
ac_cv_func_getpagesize=yes
ac_cv_func_gettimeofday=yes
ac_cv_func_lstat_dereferences_slashed_symlink=no
ac_cv_func_memmove=yes
ac_cv_func_memset=yes
ac_cv_func_mmap_fixed_mapped=no
ac_cv_func_munmap=yes
ac_cv_func_select=yes
ac_cv_func_select_args='int,fd_set *,struct timeval *'
ac_cv_func_shl_load=no
ac_cv_func_stat_empty_string_bug=yes
ac_cv_func_strcasecmp=yes
ac_cv_func_strchr=yes
ac_cv_func_strdup=yes
ac_cv_func_strtoul=yes
ac_cv_func_vprintf=yes
ac_cv_header_dlfcn_h=yes
ac_cv_header_fcntl_h=yes
ac_cv_header_inttypes_h=yes
ac_cv_header_limits_h=yes
ac_cv_header_memory_h=yes
ac_cv_header_stdc=yes
ac_cv_header_stdint_h=yes
ac_cv_header_stdlib_h=yes
ac_cv_header_string_h=yes
ac_cv_header_strings_h=yes
ac_cv_header_sys_ioctl_h=yes
ac_cv_header_sys_select_h=yes
ac_cv_header_sys_socket_h=yes
ac_cv_header_sys_stat_h=yes
ac_cv_header_sys_time_h=yes
ac_cv_header_sys_types_h=yes
ac_cv_header_time=yes
ac_cv_header_unistd_h=yes
ac_cv_host=arm-arago-linux-gnueabi
ac_cv_lib_dl_dlopen=yes
ac_cv_lib_dld_shl_load=no
ac_cv_objext=o
ac_cv_path_EGREP='/bin/grep -E'
ac_cv_path_FGREP='/bin/grep -F'
ac_cv_path_GREP=/bin/grep
ac_cv_path_SED=/bin/sed
ac_cv_path_install='/usr/bin/install -c'
ac_cv_path_mkdir=/bin/mkdir
ac_cv_prog_AR=arm-arago-linux-gnueabi-ar
ac_cv_prog_AWK=gawk
ac_cv_prog_CC=arm-arago-linux-gnueabi-gcc
ac_cv_prog_CPP='arm-arago-linux-gnueabi-gcc -E'
ac_cv_prog_OBJDUMP=arm-arago-linux-gnueabi-objdump
ac_cv_prog_RANLIB=arm-arago-linux-gnueabi-ranlib
ac_cv_prog_STRIP=arm-arago-linux-gnueabi-strip
ac_cv_prog_cc_c89=
ac_cv_prog_cc_g=yes
ac_cv_prog_gcc_traditional=no
ac_cv_prog_make_make_set=yes
ac_cv_type_signal=void
ac_cv_type_size_t=yes
ac_cv_working_alloca_h=yes
am_cv_CC_dependencies_compiler_type=gcc3
bb_cv_cc_supports_hidden_visibility=yes
lt_cv_deplibs_check_method=pass_all
lt_cv_dlopen=dlopen
lt_cv_dlopen_libs=-ldl
lt_cv_dlopen_self=cross
lt_cv_file_magic_cmd='$MAGIC_CMD'
lt_cv_file_magic_test_file=
lt_cv_ld_reload_flag=-r
lt_cv_nm_interface='BSD nm'
lt_cv_objdir=.libs
lt_cv_path_LD=/opt/ti-sdk-am3517-evm-05.04.00.00/linux-devkit/arm-arago-linux-gnueabi/bin/ld
lt_cv_path_NM='/opt/ti-sdk-am3517-evm-05.04.00.00/linux-devkit/bin/arm-arago-linux-gnueabi-nm -B'
lt_cv_prog_compiler_c_o=yes
lt_cv_prog_compiler_pic_works=yes
lt_cv_prog_compiler_rtti_exceptions=no
lt_cv_prog_compiler_static_works=yes
lt_cv_prog_gnu_ld=yes
lt_cv_sys_global_symbol_pipe='sed -n -e '\''s/^.*[	 ]\([ABCDGIRSTW][ABCDGIRSTW]*\)[	 ][	 ]*\([_A-Za-z][_A-Za-z0-9]*\)$/\1 \2 \2/p'\'''
lt_cv_sys_global_symbol_to_c_name_address='sed -n -e '\''s/^: \([^ ]*\) $/  {\"\1\", (void *) 0},/p'\'' -e '\''s/^[ABCDGIRSTW]* \([^ ]*\) \([^ ]*\)$/  {"\2", (void *) \&\2},/p'\'''
lt_cv_sys_global_symbol_to_c_name_address_lib_prefix='sed -n -e '\''s/^: \([^ ]*\) $/  {\"\1\", (void *) 0},/p'\'' -e '\''s/^[ABCDGIRSTW]* \([^ ]*\) \(lib[^ ]*\)$/  {"\2", (void *) \&\2},/p'\'' -e '\''s/^[ABCDGIRSTW]* \([^ ]*\) \([^ ]*\)$/  {"lib\2", (void *) \&\2},/p'\'''
lt_cv_sys_global_symbol_to_cdecl='sed -n -e '\''s/^T .* \(.*\)$/extern int \1();/p'\'' -e '\''s/^[ABCDGIRSTW]* .* \(.*\)$/extern char \1;/p'\'''
lt_cv_sys_max_cmd_len=1966080

## ----------------- ##
## Output variables. ##
## ----------------- ##

ACLOCAL='${SHELL} /home/jishibashi/EX-4120/tslib-orig/missing --run aclocal-1.11'
ALLOCA=''
AMDEPBACKSLASH='\'
AMDEP_FALSE='#'
AMDEP_TRUE=''
AMTAR='${SHELL} /home/jishibashi/EX-4120/tslib-orig/missing --run tar'
AR='arm-arago-linux-gnueabi-ar'
AUTOCONF='${SHELL} /home/jishibashi/EX-4120/tslib-orig/missing --run autoconf'
AUTOHEADER='${SHELL} /home/jishibashi/EX-4120/tslib-orig/missing --run autoheader'
AUTOMAKE='${SHELL} /home/jishibashi/EX-4120/tslib-orig/missing --run automake-1.11'
AWK='gawk'
CC='arm-arago-linux-gnueabi-gcc'
CCDEPMODE='depmode=gcc3'
CFLAGS='-DGCC_HASCLASSVISIBILITY -march=armv7-a -mtune=cortex-a8 -mfpu=neon -mfloat-abi=softfp'
CPP='arm-arago-linux-gnueabi-gcc -E'
CPPFLAGS=''
CYGPATH_W='echo'
DEBUGFLAGS=''
DEFS='-DHAVE_CONFIG_H'
DEPDIR='.deps'
DSYMUTIL=''
DUMPBIN=''
ECHO_C=''
ECHO_N='-n'
ECHO_T=''
EGREP='/bin/grep -E'
ENABLE_ARCTIC2_MODULE_FALSE='#'
ENABLE_ARCTIC2_MODULE_TRUE=''
ENABLE_COLLIE_MODULE_FALSE='#'
ENABLE_COLLIE_MODULE_TRUE=''
ENABLE_CORGI_MODULE_FALSE='#'
ENABLE_CORGI_MODULE_TRUE=''
ENABLE_CY8MRLN_PALMPRE_MODULE_FALSE=''
ENABLE_CY8MRLN_PALMPRE_MODULE_TRUE='#'
ENABLE_DEJITTER_MODULE_FALSE='#'
ENABLE_DEJITTER_MODULE_TRUE=''
ENABLE_DMC_MODULE_FALSE='#'
ENABLE_DMC_MODULE_TRUE=''
ENABLE_H3600_MODULE_FALSE='#'
ENABLE_H3600_MODULE_TRUE=''
ENABLE_INPUT_MODULE_FALSE='#'
ENABLE_INPUT_MODULE_TRUE=''
ENABLE_LINEAR_H2200_MODULE_FALSE='#'
ENABLE_LINEAR_H2200_MODULE_TRUE=''
ENABLE_LINEAR_MODULE_FALSE='#'
ENABLE_LINEAR_MODULE_TRUE=''
ENABLE_MK712_MODULE_FALSE='#'
ENABLE_MK712_MODULE_TRUE=''
ENABLE_PTHRES_MODULE_FALSE='#'
ENABLE_PTHRES_MODULE_TRUE=''
ENABLE_STATIC_ARCTIC2_MODULE_FALSE=''
ENABLE_STATIC_ARCTIC2_MODULE_TRUE='#'
ENABLE_STATIC_COLLIE_MODULE_FALSE=''
ENABLE_STATIC_COLLIE_MODULE_TRUE='#'
ENABLE_STATIC_CORGI_MODULE_FALSE=''
ENABLE_STATIC_CORGI_MODULE_TRUE='#'
ENABLE_STATIC_CY8MRLN_PALMPRE_MODULE_FALSE=''
ENABLE_STATIC_CY8MRLN_PALMPRE_MODULE_TRUE='#'
ENABLE_STATIC_DEJITTER_MODULE_FALSE=''
ENABLE_STATIC_DEJITTER_MODULE_TRUE='#'
ENABLE_STATIC_DMC_MODULE_FALSE=''
ENABLE_STATIC_DMC_MODULE_TRUE='#'
ENABLE_STATIC_H3600_MODULE_FALSE=''
ENABLE_STATIC_H3600_MODULE_TRUE='#'
ENABLE_STATIC_INPUT_MODULE_FALSE=''
ENABLE_STATIC_INPUT_MODULE_TRUE='#'
ENABLE_STATIC_LINEAR_H2200_MODULE_FALSE=''
ENABLE_STATIC_LINEAR_H2200_MODULE_TRUE='#'
ENABLE_STATIC_LINEAR_MODULE_FALSE=''
ENABLE_STATIC_LINEAR_MODULE_TRUE='#'
ENABLE_STATIC_MK712_MODULE_FALSE=''
ENABLE_STATIC_MK712_MODULE_TRUE='#'
ENABLE_STATIC_PTHRES_MODULE_FALSE=''
ENABLE_STATIC_PTHRES_MODULE_TRUE='#'
ENABLE_STATIC_TATUNG_MODULE_FALSE=''
ENABLE_STATIC_TATUNG_MODULE_TRUE='#'
ENABLE_STATIC_TOUCHKIT_MODULE_FALSE=''
ENABLE_STATIC_TOUCHKIT_MODULE_TRUE='#'
ENABLE_STATIC_UCB1X00_MODULE_FALSE=''
ENABLE_STATIC_UCB1X00_MODULE_TRUE='#'
ENABLE_STATIC_VARIANCE_MODULE_FALSE=''
ENABLE_STATIC_VARIANCE_MODULE_TRUE='#'
ENABLE_TATUNG_MODULE_FALSE='#'
ENABLE_TATUNG_MODULE_TRUE=''
ENABLE_TOUCHKIT_MODULE_FALSE='#'
ENABLE_TOUCHKIT_MODULE_TRUE=''
ENABLE_UCB1X00_MODULE_FALSE='#'
ENABLE_UCB1X00_MODULE_TRUE=''
ENABLE_VARIANCE_MODULE_FALSE='#'
ENABLE_VARIANCE_MODULE_TRUE=''
EXEEXT=''
FGREP='/bin/grep -F'
GREP='/bin/grep'
INSTALL_DATA='${INSTALL} -m 644'
INSTALL_PROGRAM='${INSTALL}'
INSTALL_SCRIPT='${INSTALL}'
INSTALL_STRIP_PROGRAM='$(install_sh) -c -s'
LD='/opt/ti-sdk-am3517-evm-05.04.00.00/linux-devkit/arm-arago-linux-gnueabi/bin/ld'
LDFLAGS=''
LIBFLAGS='-DTSLIB_INTERNAL'
LIBOBJS=' ${LIBOBJDIR}lstat$U.o ${LIBOBJDIR}stat$U.o'
LIBS='-ldl '
LIBTOOL='$(SHELL) $(top_builddir)/libtool'
LIPO=''
LN_S='ln -s'
LTLIBOBJS=' ${LIBOBJDIR}lstat$U.lo ${LIBOBJDIR}stat$U.lo'
LT_AGE='0'
LT_CURRENT='0'
LT_RELEASE='1.0'
LT_REVISION='0'
MAKEINFO='${SHELL} /home/jishibashi/EX-4120/tslib-orig/missing --run makeinfo'
MKDIR_P='/bin/mkdir -p'
NM='/opt/ti-sdk-am3517-evm-05.04.00.00/linux-devkit/bin/arm-arago-linux-gnueabi-nm -B'
NMEDIT=''
OBJDUMP='arm-arago-linux-gnueabi-objdump'
OBJEXT='o'
OTOOL64=''
OTOOL=''
PACKAGE='tslib'
PACKAGE_BUGREPORT='kergoth@handhelds.org'
PACKAGE_DESCRIPTION='Touchscreen Access Library'
PACKAGE_NAME='tslib'
PACKAGE_STRING='tslib 1.0.0'
PACKAGE_TARNAME='tslib'
PACKAGE_VERSION='1.0.0'
PATH_SEPARATOR=':'
PLUGIN_DIR='${libdir}/ts'
RANLIB='arm-arago-linux-gnueabi-ranlib'
SED='/bin/sed'
SET_MAKE=''
SHELL='/bin/sh'
STRIP='arm-arago-linux-gnueabi-strip'
TS_CONF='${sysconfdir}/ts.conf'
TS_POINTERCAL='${sysconfdir}/pointercal'
VERSION='1.0.0'
VIS_CFLAGS='-fvisibility=hidden'
ac_ct_CC=''
ac_ct_DUMPBIN=''
am__EXEEXT_FALSE=''
am__EXEEXT_TRUE='#'
am__fastdepCC_FALSE='#'
am__fastdepCC_TRUE=''
am__include='include'
am__isrc=''
am__leading_dot='.'
am__quote=''
am__tar='${AMTAR} chof - "$$tardir"'
am__untar='${AMTAR} xf -'
bindir='${exec_prefix}/bin'
build='x86_64-unknown-linux-gnu'
build_alias=''
build_cpu='x86_64'
build_os='linux-gnu'
build_vendor='unknown'
datadir='${datarootdir}'
datarootdir='${prefix}/share'
docdir='${datarootdir}/doc/${PACKAGE_TARNAME}'
dvidir='${docdir}'
exec_prefix='${prefix}'
host='arm-arago-linux-gnueabi'
host_alias='arm-arago-linux-gnueabi'
host_cpu='arm'
host_os='linux-gnueabi'
host_vendor='arago'
htmldir='${docdir}'
includedir='${prefix}/include'
infodir='${datarootdir}/info'
install_sh='${SHELL} /home/jishibashi/EX-4120/tslib-orig/install-sh'
libdir='${exec_prefix}/lib'
libexecdir='${exec_prefix}/libexec'
localedir='${datarootdir}/locale'
localstatedir='${prefix}/var'
lt_ECHO='echo'
mandir='${datarootdir}/man'
mkdir_p='/bin/mkdir -p'
oldincludedir='/usr/include'
pdfdir='${docdir}'
prefix='/home/jishibashi/EX-4120/tslib-install'
program_transform_name='s,x,x,'
psdir='${docdir}'
sbindir='${exec_prefix}/sbin'
sharedstatedir='${prefix}/com'
sysconfdir='${prefix}/etc'
target_alias=''

## ----------- ##
## confdefs.h. ##
## ----------- ##

#define PACKAGE_NAME "tslib"
#define PACKAGE_TARNAME "tslib"
#define PACKAGE_VERSION "1.0.0"
#define PACKAGE_STRING "tslib 1.0.0"
#define PACKAGE_BUGREPORT "kergoth@handhelds.org"
#define PACKAGE "tslib"
#define VERSION "1.0.0"
#define STDC_HEADERS 1
#define HAVE_SYS_TYPES_H 1
#define HAVE_SYS_STAT_H 1
#define HAVE_STDLIB_H 1
#define HAVE_STRING_H 1
#define HAVE_MEMORY_H 1
#define HAVE_STRINGS_H 1
#define HAVE_INTTYPES_H 1
#define HAVE_STDINT_H 1
#define HAVE_UNISTD_H 1
#define HAVE_DLFCN_H 1
#define LT_OBJDIR ".libs/"
#define HAVE_LIBDL 1
#define HAVE_ALLOCA_H 1
#define HAVE_ALLOCA 1
#define STDC_HEADERS 1
#define HAVE_FCNTL_H 1
#define HAVE_LIMITS_H 1
#define HAVE_STDLIB_H 1
#define HAVE_STRING_H 1
#define HAVE_SYS_IOCTL_H 1
#define HAVE_SYS_TIME_H 1
#define HAVE_UNISTD_H 1
#define TIME_WITH_SYS_TIME 1
#define HAVE_STDLIB_H 1
#define HAVE_UNISTD_H 1
#define HAVE_GETPAGESIZE 1
#define HAVE_SYS_SELECT_H 1
#define HAVE_SYS_SOCKET_H 1
#define SELECT_TYPE_ARG1 int
#define SELECT_TYPE_ARG234 (fd_set *)
#define SELECT_TYPE_ARG5 (struct timeval *)
#define RETSIGTYPE void
#define HAVE_STAT_EMPTY_STRING_BUG 1
#define HAVE_VPRINTF 1
#define HAVE_GETTIMEOFDAY 1
#define HAVE_MEMMOVE 1
#define HAVE_MEMSET 1
#define HAVE_MUNMAP 1
#define HAVE_SELECT 1
#define HAVE_STRCASECMP 1
#define HAVE_STRCHR 1
#define HAVE_STRDUP 1
#define HAVE_STRTOUL 1

configure: exit 0
